\BOOKMARK [1][-]{abstract.1}{\376\377\000A\000b\000s\000t\000r\000a\000c\000t}{}% 1
\BOOKMARK [0][-]{toc.0}{\376\377\000\315\000n\000d\000i\000c\000e\000\040\000g\000e\000n\000e\000r\000a\000l}{}% 2
\BOOKMARK [0][-]{listoffigures}{\376\377\000\315\000n\000d\000i\000c\000e\000\040\000d\000e\000\040\000f\000i\000g\000u\000r\000a\000s}{}% 3
\BOOKMARK [0][-]{listoftables}{\376\377\000\315\000n\000d\000i\000c\000e\000\040\000d\000e\000\040\000c\000u\000a\000d\000r\000o\000s}{}% 4
\BOOKMARK [0][-]{acronym}{\376\377\000S\000i\000g\000l\000a\000s}{}% 5
\BOOKMARK [0][-]{chapter.1}{\376\377\0001\000.\000\040\000I\000n\000t\000r\000o\000d\000u\000c\000c\000i\000\363\000n}{}% 6
\BOOKMARK [1][-]{section.1.1}{\376\377\0001\000.\0001\000.\000\040\000C\000o\000n\000t\000e\000x\000t\000o\000\040\000y\000\040\000M\000o\000t\000i\000v\000a\000c\000i\000\363\000n}{chapter.1}% 7
\BOOKMARK [1][-]{section.1.2}{\376\377\0001\000.\0002\000.\000\040\000P\000r\000o\000b\000l\000e\000m\000a\000\040\000d\000e\000\040\000I\000n\000v\000e\000s\000t\000i\000g\000a\000c\000i\000\363\000n}{chapter.1}% 8
\BOOKMARK [1][-]{section.1.3}{\376\377\0001\000.\0003\000.\000\040\000H\000i\000p\000\363\000t\000e\000s\000i\000s\000\040\000d\000e\000\040\000I\000n\000v\000e\000s\000t\000i\000g\000a\000c\000i\000\363\000n}{chapter.1}% 9
\BOOKMARK [2][-]{subsection.1.3.1}{\376\377\0001\000.\0003\000.\0001\000.\000\040\000H\0001\000:\000\040\000C\000o\000m\000p\000a\000r\000a\000c\000i\000\363\000n\000\040\000d\000e\000\040\000A\000r\000q\000u\000i\000t\000e\000c\000t\000u\000r\000a\000s\000\040\000d\000e\000\040\000D\000e\000e\000p\000\040\000L\000e\000a\000r\000n\000i\000n\000g}{section.1.3}% 10
\BOOKMARK [2][-]{subsection.1.3.2}{\376\377\0001\000.\0003\000.\0002\000.\000\040\000H\0002\000:\000\040\000I\000m\000p\000a\000c\000t\000o\000\040\000d\000e\000\040\000D\000a\000t\000a\000\040\000A\000u\000g\000m\000e\000n\000t\000a\000t\000i\000o\000n\000\040\000e\000n\000\040\000C\000l\000a\000s\000e\000s\000\040\000M\000i\000n\000o\000r\000i\000t\000a\000r\000i\000a\000s}{section.1.3}% 11
\BOOKMARK [2][-]{subsection.1.3.3}{\376\377\0001\000.\0003\000.\0003\000.\000\040\000H\0003\000:\000\040\000E\000f\000e\000c\000t\000o\000\040\000d\000e\000\040\000l\000a\000\040\000P\000r\000o\000f\000u\000n\000d\000i\000d\000a\000d\000\040\000e\000n\000\040\000C\000N\000N\000\040\000C\000u\000s\000t\000o\000m}{section.1.3}% 12
\BOOKMARK [1][-]{section.1.4}{\376\377\0001\000.\0004\000.\000\040\000O\000b\000j\000e\000t\000i\000v\000o\000s}{chapter.1}% 13
\BOOKMARK [2][-]{subsection.1.4.1}{\376\377\0001\000.\0004\000.\0001\000.\000\040\000O\000b\000j\000e\000t\000i\000v\000o\000\040\000G\000e\000n\000e\000r\000a\000l}{section.1.4}% 14
\BOOKMARK [2][-]{subsection.1.4.2}{\376\377\0001\000.\0004\000.\0002\000.\000\040\000O\000b\000j\000e\000t\000i\000v\000o\000s\000\040\000E\000s\000p\000e\000c\000\355\000f\000i\000c\000o\000s}{section.1.4}% 15
\BOOKMARK [1][-]{section.1.5}{\376\377\0001\000.\0005\000.\000\040\000J\000u\000s\000t\000i\000f\000i\000c\000a\000c\000i\000\363\000n}{chapter.1}% 16
\BOOKMARK [1][-]{section.1.6}{\376\377\0001\000.\0006\000.\000\040\000A\000l\000c\000a\000n\000c\000e\000\040\000y\000\040\000L\000i\000m\000i\000t\000a\000c\000i\000o\000n\000e\000s}{chapter.1}% 17
\BOOKMARK [2][-]{subsection.1.6.1}{\376\377\0001\000.\0006\000.\0001\000.\000\040\000A\000l\000c\000a\000n\000c\000e}{section.1.6}% 18
\BOOKMARK [2][-]{subsection.1.6.2}{\376\377\0001\000.\0006\000.\0002\000.\000\040\000L\000i\000m\000i\000t\000a\000c\000i\000o\000n\000e\000s}{section.1.6}% 19
\BOOKMARK [1][-]{section.1.7}{\376\377\0001\000.\0007\000.\000\040\000E\000s\000t\000r\000u\000c\000t\000u\000r\000a\000\040\000d\000e\000l\000\040\000D\000o\000c\000u\000m\000e\000n\000t\000o}{chapter.1}% 20
\BOOKMARK [0][-]{chapter.2}{\376\377\0002\000.\000\040\000T\000r\000a\000b\000a\000j\000o\000\040\000R\000e\000l\000a\000c\000i\000o\000n\000a\000d\000o}{}% 21
\BOOKMARK [1][-]{section.2.1}{\376\377\0002\000.\0001\000.\000\040\000M\000\351\000t\000o\000d\000o\000s\000\040\000T\000r\000a\000d\000i\000c\000i\000o\000n\000a\000l\000e\000s\000\040\000d\000e\000\040\000D\000e\000t\000e\000c\000c\000i\000\363\000n\000\040\000d\000e\000\040\000M\000a\000l\000w\000a\000r\000e}{chapter.2}% 22
\BOOKMARK [2][-]{subsection.2.1.1}{\376\377\0002\000.\0001\000.\0001\000.\000\040\000D\000e\000t\000e\000c\000c\000i\000\363\000n\000\040\000B\000a\000s\000a\000d\000a\000\040\000e\000n\000\040\000F\000i\000r\000m\000a\000s}{section.2.1}% 23
\BOOKMARK [2][-]{subsection.2.1.2}{\376\377\0002\000.\0001\000.\0002\000.\000\040\000A\000n\000\341\000l\000i\000s\000i\000s\000\040\000H\000e\000u\000r\000\355\000s\000t\000i\000c\000o}{section.2.1}% 24
\BOOKMARK [2][-]{subsection.2.1.3}{\376\377\0002\000.\0001\000.\0003\000.\000\040\000A\000n\000\341\000l\000i\000s\000i\000s\000\040\000D\000i\000n\000\341\000m\000i\000c\000o\000\040\000\050\000S\000a\000n\000d\000b\000o\000x\000i\000n\000g\000\051}{section.2.1}% 25
\BOOKMARK [1][-]{section.2.2}{\376\377\0002\000.\0002\000.\000\040\000M\000a\000c\000h\000i\000n\000e\000\040\000L\000e\000a\000r\000n\000i\000n\000g\000\040\000e\000n\000\040\000D\000e\000t\000e\000c\000c\000i\000\363\000n\000\040\000d\000e\000\040\000M\000a\000l\000w\000a\000r\000e}{chapter.2}% 26
\BOOKMARK [2][-]{subsection.2.2.1}{\376\377\0002\000.\0002\000.\0001\000.\000\040\000E\000n\000f\000o\000q\000u\000e\000s\000\040\000T\000r\000a\000d\000i\000c\000i\000o\000n\000a\000l\000e\000s\000\040\000d\000e\000\040\000M\000L}{section.2.2}% 27
\BOOKMARK [1][-]{section.2.3}{\376\377\0002\000.\0003\000.\000\040\000D\000e\000e\000p\000\040\000L\000e\000a\000r\000n\000i\000n\000g\000\040\000p\000a\000r\000a\000\040\000A\000n\000\341\000l\000i\000s\000i\000s\000\040\000d\000e\000\040\000M\000a\000l\000w\000a\000r\000e}{chapter.2}% 28
\BOOKMARK [2][-]{subsection.2.3.1}{\376\377\0002\000.\0003\000.\0001\000.\000\040\000V\000e\000n\000t\000a\000j\000a\000s\000\040\000d\000e\000l\000\040\000D\000e\000e\000p\000\040\000L\000e\000a\000r\000n\000i\000n\000g}{section.2.3}% 29
\BOOKMARK [2][-]{subsection.2.3.2}{\376\377\0002\000.\0003\000.\0002\000.\000\040\000T\000r\000a\000b\000a\000j\000o\000s\000\040\000P\000r\000e\000v\000i\000o\000s\000\040\000c\000o\000n\000\040\000D\000e\000e\000p\000\040\000L\000e\000a\000r\000n\000i\000n\000g}{section.2.3}% 30
\BOOKMARK [1][-]{section.2.4}{\376\377\0002\000.\0004\000.\000\040\000A\000n\000\341\000l\000i\000s\000i\000s\000\040\000V\000i\000s\000u\000a\000l\000\040\000d\000e\000\040\000M\000a\000l\000w\000a\000r\000e}{chapter.2}% 31
\BOOKMARK [2][-]{subsection.2.4.1}{\376\377\0002\000.\0004\000.\0001\000.\000\040\000C\000o\000n\000v\000e\000r\000s\000i\000\363\000n\000\040\000d\000e\000\040\000B\000i\000n\000a\000r\000i\000o\000s\000\040\000a\000\040\000I\000m\000\341\000g\000e\000n\000e\000s}{section.2.4}% 32
\BOOKMARK [2][-]{subsection.2.4.2}{\376\377\0002\000.\0004\000.\0002\000.\000\040\000C\000a\000r\000a\000c\000t\000e\000r\000\355\000s\000t\000i\000c\000a\000s\000\040\000V\000i\000s\000u\000a\000l\000e\000s\000\040\000D\000i\000s\000c\000r\000i\000m\000i\000n\000a\000t\000i\000v\000a\000s}{section.2.4}% 33
\BOOKMARK [1][-]{section.2.5}{\376\377\0002\000.\0005\000.\000\040\000T\000r\000a\000b\000a\000j\000o\000s\000\040\000c\000o\000n\000\040\000C\000N\000N\000\040\000p\000a\000r\000a\000\040\000C\000l\000a\000s\000i\000f\000i\000c\000a\000c\000i\000\363\000n\000\040\000d\000e\000\040\000M\000a\000l\000w\000a\000r\000e}{chapter.2}% 34
\BOOKMARK [2][-]{subsection.2.5.1}{\376\377\0002\000.\0005\000.\0001\000.\000\040\000A\000r\000q\000u\000i\000t\000e\000c\000t\000u\000r\000a\000s\000\040\000C\000N\000N\000\040\000A\000p\000l\000i\000c\000a\000d\000a\000s}{section.2.5}% 35
\BOOKMARK [2][-]{subsection.2.5.2}{\376\377\0002\000.\0005\000.\0002\000.\000\040\000R\000e\000s\000u\000l\000t\000a\000d\000o\000s\000\040\000R\000e\000p\000o\000r\000t\000a\000d\000o\000s\000\040\000e\000n\000\040\000L\000i\000t\000e\000r\000a\000t\000u\000r\000a}{section.2.5}% 36
\BOOKMARK [1][-]{section.2.6}{\376\377\0002\000.\0006\000.\000\040\000D\000a\000t\000a\000s\000e\000t\000s\000\040\000P\000\372\000b\000l\000i\000c\000o\000s\000\040\000d\000e\000\040\000M\000a\000l\000w\000a\000r\000e}{chapter.2}% 37
\BOOKMARK [2][-]{subsection.2.6.1}{\376\377\0002\000.\0006\000.\0001\000.\000\040\000D\000e\000s\000c\000r\000i\000p\000c\000i\000\363\000n\000\040\000d\000e\000\040\000D\000a\000t\000a\000s\000e\000t\000s\000\040\000R\000e\000l\000e\000v\000a\000n\000t\000e\000s}{section.2.6}% 38
\BOOKMARK [1][-]{section.2.7}{\376\377\0002\000.\0007\000.\000\040\000B\000r\000e\000c\000h\000a\000s\000\040\000e\000n\000\040\000l\000a\000\040\000L\000i\000t\000e\000r\000a\000t\000u\000r\000a\000\040\000y\000\040\000M\000o\000t\000i\000v\000a\000c\000i\000\363\000n\000\040\000d\000e\000l\000\040\000P\000r\000o\000y\000e\000c\000t\000o}{chapter.2}% 39
\BOOKMARK [1][-]{section.2.8}{\376\377\0002\000.\0008\000.\000\040\000R\000e\000s\000u\000m\000e\000n}{chapter.2}% 40
\BOOKMARK [0][-]{chapter.3}{\376\377\0003\000.\000\040\000M\000e\000t\000o\000d\000o\000l\000o\000g\000\355\000a}{}% 41
\BOOKMARK [1][-]{section.3.1}{\376\377\0003\000.\0001\000.\000\040\000V\000i\000s\000i\000\363\000n\000\040\000G\000e\000n\000e\000r\000a\000l\000\040\000d\000e\000l\000\040\000P\000r\000o\000c\000e\000s\000o}{chapter.3}% 42
\BOOKMARK [1][-]{section.3.2}{\376\377\0003\000.\0002\000.\000\040\000D\000a\000t\000a\000s\000e\000t\000s\000\040\000d\000e\000\040\000M\000a\000l\000w\000a\000r\000e}{chapter.3}% 43
\BOOKMARK [2][-]{subsection.3.2.1}{\376\377\0003\000.\0002\000.\0001\000.\000\040\000D\000e\000s\000c\000r\000i\000p\000c\000i\000\363\000n\000\040\000d\000e\000\040\000D\000a\000t\000a\000s\000e\000t\000s\000\040\000U\000t\000i\000l\000i\000z\000a\000d\000o\000s}{section.3.2}% 44
\BOOKMARK [2][-]{subsection.3.2.2}{\376\377\0003\000.\0002\000.\0002\000.\000\040\000D\000i\000s\000t\000r\000i\000b\000u\000c\000i\000\363\000n\000\040\000d\000e\000\040\000F\000a\000m\000i\000l\000i\000a\000s\000\040\000d\000e\000\040\000M\000a\000l\000w\000a\000r\000e}{section.3.2}% 45
\BOOKMARK [1][-]{section.3.3}{\376\377\0003\000.\0003\000.\000\040\000P\000r\000e\000p\000r\000o\000c\000e\000s\000a\000m\000i\000e\000n\000t\000o\000\040\000d\000e\000\040\000D\000a\000t\000o\000s}{chapter.3}% 46
\BOOKMARK [2][-]{subsection.3.3.1}{\376\377\0003\000.\0003\000.\0001\000.\000\040\000C\000o\000n\000v\000e\000r\000s\000i\000\363\000n\000\040\000d\000e\000\040\000E\000j\000e\000c\000u\000t\000a\000b\000l\000e\000s\000\040\000a\000\040\000I\000m\000\341\000g\000e\000n\000e\000s}{section.3.3}% 47
\BOOKMARK [2][-]{subsection.3.3.2}{\376\377\0003\000.\0003\000.\0002\000.\000\040\000N\000o\000r\000m\000a\000l\000i\000z\000a\000c\000i\000\363\000n\000\040\000y\000\040\000R\000e\000d\000i\000m\000e\000n\000s\000i\000o\000n\000a\000m\000i\000e\000n\000t\000o}{section.3.3}% 48
\BOOKMARK [2][-]{subsection.3.3.3}{\376\377\0003\000.\0003\000.\0003\000.\000\040\000A\000u\000m\000e\000n\000t\000o\000\040\000d\000e\000\040\000D\000a\000t\000o\000s\000\040\000\050\000D\000a\000t\000a\000\040\000A\000u\000g\000m\000e\000n\000t\000a\000t\000i\000o\000n\000\051}{section.3.3}% 49
\BOOKMARK [1][-]{section.3.4}{\376\377\0003\000.\0004\000.\000\040\000D\000i\000v\000i\000s\000i\000\363\000n\000\040\000d\000e\000\040\000D\000a\000t\000o\000s}{chapter.3}% 50
\BOOKMARK [1][-]{section.3.5}{\376\377\0003\000.\0005\000.\000\040\000A\000r\000q\000u\000i\000t\000e\000c\000t\000u\000r\000a\000s\000\040\000d\000e\000\040\000R\000e\000d\000e\000s\000\040\000N\000e\000u\000r\000o\000n\000a\000l\000e\000s\000\040\000C\000o\000n\000v\000o\000l\000u\000c\000i\000o\000n\000a\000l\000e\000s}{chapter.3}% 51
\BOOKMARK [2][-]{subsection.3.5.1}{\376\377\0003\000.\0005\000.\0001\000.\000\040\000A\000r\000q\000u\000i\000t\000e\000c\000t\000u\000r\000a\000\040\000C\000N\000N\000\040\000P\000e\000r\000s\000o\000n\000a\000l\000i\000z\000a\000d\000a}{section.3.5}% 52
\BOOKMARK [2][-]{subsection.3.5.2}{\376\377\0003\000.\0005\000.\0002\000.\000\040\000M\000o\000d\000e\000l\000o\000s\000\040\000P\000r\000e\000e\000n\000t\000r\000e\000n\000a\000d\000o\000s\000\040\000c\000o\000n\000\040\000T\000r\000a\000n\000s\000f\000e\000r\000\040\000L\000e\000a\000r\000n\000i\000n\000g}{section.3.5}% 53
\BOOKMARK [1][-]{section.3.6}{\376\377\0003\000.\0006\000.\000\040\000C\000o\000n\000f\000i\000g\000u\000r\000a\000c\000i\000\363\000n\000\040\000d\000e\000\040\000E\000n\000t\000r\000e\000n\000a\000m\000i\000e\000n\000t\000o}{chapter.3}% 54
\BOOKMARK [2][-]{subsection.3.6.1}{\376\377\0003\000.\0006\000.\0001\000.\000\040\000H\000i\000p\000e\000r\000p\000a\000r\000\341\000m\000e\000t\000r\000o\000s}{section.3.6}% 55
\BOOKMARK [2][-]{subsection.3.6.2}{\376\377\0003\000.\0006\000.\0002\000.\000\040\000E\000s\000t\000r\000a\000t\000e\000g\000i\000a\000s\000\040\000d\000e\000\040\000O\000p\000t\000i\000m\000i\000z\000a\000c\000i\000\363\000n}{section.3.6}% 56
\BOOKMARK [2][-]{subsection.3.6.3}{\376\377\0003\000.\0006\000.\0003\000.\000\040\000M\000a\000n\000e\000j\000o\000\040\000d\000e\000\040\000D\000e\000s\000b\000a\000l\000a\000n\000c\000e\000\040\000d\000e\000\040\000C\000l\000a\000s\000e\000s}{section.3.6}% 57
\BOOKMARK [1][-]{section.3.7}{\376\377\0003\000.\0007\000.\000\040\000E\000n\000t\000o\000r\000n\000o\000\040\000E\000x\000p\000e\000r\000i\000m\000e\000n\000t\000a\000l}{chapter.3}% 58
\BOOKMARK [2][-]{subsection.3.7.1}{\376\377\0003\000.\0007\000.\0001\000.\000\040\000H\000a\000r\000d\000w\000a\000r\000e\000\040\000y\000\040\000S\000o\000f\000t\000w\000a\000r\000e}{section.3.7}% 59
\BOOKMARK [2][-]{subsection.3.7.2}{\376\377\0003\000.\0007\000.\0002\000.\000\040\000I\000m\000p\000l\000e\000m\000e\000n\000t\000a\000c\000i\000\363\000n}{section.3.7}% 60
\BOOKMARK [1][-]{section.3.8}{\376\377\0003\000.\0008\000.\000\040\000M\000\351\000t\000r\000i\000c\000a\000s\000\040\000d\000e\000\040\000E\000v\000a\000l\000u\000a\000c\000i\000\363\000n}{chapter.3}% 61
\BOOKMARK [2][-]{subsection.3.8.1}{\376\377\0003\000.\0008\000.\0001\000.\000\040\000M\000\351\000t\000r\000i\000c\000a\000s\000\040\000P\000r\000i\000n\000c\000i\000p\000a\000l\000e\000s}{section.3.8}% 62
\BOOKMARK [2][-]{subsection.3.8.2}{\376\377\0003\000.\0008\000.\0002\000.\000\040\000M\000\351\000t\000r\000i\000c\000a\000s\000\040\000M\000u\000l\000t\000i\000-\000C\000l\000a\000s\000e}{section.3.8}% 63
\BOOKMARK [2][-]{subsection.3.8.3}{\376\377\0003\000.\0008\000.\0003\000.\000\040\000M\000a\000t\000r\000i\000z\000\040\000d\000e\000\040\000C\000o\000n\000f\000u\000s\000i\000\363\000n}{section.3.8}% 64
\BOOKMARK [2][-]{subsection.3.8.4}{\376\377\0003\000.\0008\000.\0004\000.\000\040\000C\000u\000r\000v\000a\000s\000\040\000R\000O\000C\000\040\000y\000\040\000A\000U\000C}{section.3.8}% 65
\BOOKMARK [1][-]{section.3.9}{\376\377\0003\000.\0009\000.\000\040\000V\000a\000l\000i\000d\000a\000c\000i\000\363\000n\000\040\000C\000r\000u\000z\000a\000d\000a\000\040\000y\000\040\000A\000n\000\341\000l\000i\000s\000i\000s\000\040\000d\000e\000\040\000R\000o\000b\000u\000s\000t\000e\000z}{chapter.3}% 66
\BOOKMARK [1][-]{section.3.10}{\376\377\0003\000.\0001\0000\000.\000\040\000C\000o\000n\000s\000i\000d\000e\000r\000a\000c\000i\000o\000n\000e\000s\000\040\000\311\000t\000i\000c\000a\000s\000\040\000y\000\040\000d\000e\000\040\000S\000e\000g\000u\000r\000i\000d\000a\000d}{chapter.3}% 67
\BOOKMARK [1][-]{section.3.11}{\376\377\0003\000.\0001\0001\000.\000\040\000R\000e\000s\000u\000m\000e\000n\000\040\000d\000e\000\040\000l\000a\000\040\000M\000e\000t\000o\000d\000o\000l\000o\000g\000\355\000a}{chapter.3}% 68
\BOOKMARK [0][-]{chapter.4}{\376\377\0004\000.\000\040\000E\000x\000p\000e\000r\000i\000m\000e\000n\000t\000o\000s\000\040\000y\000\040\000R\000e\000s\000u\000l\000t\000a\000d\000o\000s}{}% 69
\BOOKMARK [1][-]{section.4.1}{\376\377\0004\000.\0001\000.\000\040\000C\000o\000n\000f\000i\000g\000u\000r\000a\000c\000i\000\363\000n\000\040\000E\000x\000p\000e\000r\000i\000m\000e\000n\000t\000a\000l\000\040\000G\000e\000n\000e\000r\000a\000l}{chapter.4}% 70
\BOOKMARK [2][-]{subsection.4.1.1}{\376\377\0004\000.\0001\000.\0001\000.\000\040\000E\000n\000t\000o\000r\000n\000o\000\040\000d\000e\000\040\000E\000j\000e\000c\000u\000c\000i\000\363\000n}{section.4.1}% 71
\BOOKMARK [2][-]{subsection.4.1.2}{\376\377\0004\000.\0001\000.\0002\000.\000\040\000D\000a\000t\000a\000s\000e\000t\000:\000\040\000M\000a\000l\000I\000m\000g}{section.4.1}% 72
\BOOKMARK [2][-]{subsection.4.1.3}{\376\377\0004\000.\0001\000.\0003\000.\000\040\000P\000a\000r\000t\000i\000c\000i\000\363\000n\000\040\000d\000e\000\040\000D\000a\000t\000o\000s}{section.4.1}% 73
\BOOKMARK [1][-]{section.4.2}{\376\377\0004\000.\0002\000.\000\040\000E\000x\000p\000e\000r\000i\000m\000e\000n\000t\000o\000\040\0001\000:\000\040\000C\000o\000m\000p\000a\000r\000a\000c\000i\000\363\000n\000\040\000d\000e\000\040\000A\000r\000q\000u\000i\000t\000e\000c\000t\000u\000r\000a\000s\000\040\000\050\000H\0001\000\051}{chapter.4}% 74
\BOOKMARK [2][-]{subsection.4.2.1}{\376\377\0004\000.\0002\000.\0001\000.\000\040\000O\000b\000j\000e\000t\000i\000v\000o}{section.4.2}% 75
\BOOKMARK [2][-]{subsection.4.2.2}{\376\377\0004\000.\0002\000.\0002\000.\000\040\000C\000o\000n\000f\000i\000g\000u\000r\000a\000c\000i\000\363\000n\000\040\000d\000e\000\040\000M\000o\000d\000e\000l\000o\000s}{section.4.2}% 76
\BOOKMARK [2][-]{subsection.4.2.3}{\376\377\0004\000.\0002\000.\0003\000.\000\040\000C\000u\000r\000v\000a\000s\000\040\000d\000e\000\040\000E\000n\000t\000r\000e\000n\000a\000m\000i\000e\000n\000t\000o}{section.4.2}% 77
\BOOKMARK [2][-]{subsection.4.2.4}{\376\377\0004\000.\0002\000.\0004\000.\000\040\000A\000n\000\341\000l\000i\000s\000i\000s\000\040\000d\000e\000\040\000R\000e\000s\000u\000l\000t\000a\000d\000o\000s}{section.4.2}% 78
\BOOKMARK [2][-]{subsection.4.2.5}{\376\377\0004\000.\0002\000.\0005\000.\000\040\000V\000e\000r\000i\000f\000i\000c\000a\000c\000i\000\363\000n\000\040\000d\000e\000\040\000H\000i\000p\000\363\000t\000e\000s\000i\000s\000\040\000H\0001}{section.4.2}% 79
\BOOKMARK [1][-]{section.4.3}{\376\377\0004\000.\0003\000.\000\040\000E\000x\000p\000e\000r\000i\000m\000e\000n\000t\000o\000\040\0002\000:\000\040\000I\000m\000p\000a\000c\000t\000o\000\040\000d\000e\000\040\000D\000a\000t\000a\000\040\000A\000u\000g\000m\000e\000n\000t\000a\000t\000i\000o\000n\000\040\000\050\000H\0002\000\051}{chapter.4}% 80
\BOOKMARK [2][-]{subsection.4.3.1}{\376\377\0004\000.\0003\000.\0001\000.\000\040\000O\000b\000j\000e\000t\000i\000v\000o}{section.4.3}% 81
\BOOKMARK [2][-]{subsection.4.3.2}{\376\377\0004\000.\0003\000.\0002\000.\000\040\000C\000o\000n\000f\000i\000g\000u\000r\000a\000c\000i\000\363\000n}{section.4.3}% 82
\BOOKMARK [2][-]{subsection.4.3.3}{\376\377\0004\000.\0003\000.\0003\000.\000\040\000V\000i\000s\000u\000a\000l\000i\000z\000a\000c\000i\000\363\000n\000\040\000d\000e\000\040\000R\000e\000s\000u\000l\000t\000a\000d\000o\000s}{section.4.3}% 83
\BOOKMARK [2][-]{subsection.4.3.4}{\376\377\0004\000.\0003\000.\0004\000.\000\040\000A\000n\000\341\000l\000i\000s\000i\000s\000\040\000d\000e\000\040\000R\000e\000s\000u\000l\000t\000a\000d\000o\000s}{section.4.3}% 84
\BOOKMARK [2][-]{subsection.4.3.5}{\376\377\0004\000.\0003\000.\0005\000.\000\040\000V\000e\000r\000i\000f\000i\000c\000a\000c\000i\000\363\000n\000\040\000d\000e\000\040\000H\000i\000p\000\363\000t\000e\000s\000i\000s\000\040\000H\0002}{section.4.3}% 85
\BOOKMARK [1][-]{section.4.4}{\376\377\0004\000.\0004\000.\000\040\000E\000x\000p\000e\000r\000i\000m\000e\000n\000t\000o\000\040\0003\000:\000\040\000E\000f\000e\000c\000t\000o\000\040\000d\000e\000\040\000l\000a\000\040\000P\000r\000o\000f\000u\000n\000d\000i\000d\000a\000d\000\040\000e\000n\000\040\000C\000N\000N\000\040\000\050\000H\0003\000\051}{chapter.4}% 86
\BOOKMARK [2][-]{subsection.4.4.1}{\376\377\0004\000.\0004\000.\0001\000.\000\040\000O\000b\000j\000e\000t\000i\000v\000o}{section.4.4}% 87
\BOOKMARK [2][-]{subsection.4.4.2}{\376\377\0004\000.\0004\000.\0002\000.\000\040\000C\000o\000n\000f\000i\000g\000u\000r\000a\000c\000i\000\363\000n\000\040\000d\000e\000\040\000A\000r\000q\000u\000i\000t\000e\000c\000t\000u\000r\000a\000s}{section.4.4}% 88
\BOOKMARK [2][-]{subsection.4.4.3}{\376\377\0004\000.\0004\000.\0003\000.\000\040\000C\000u\000r\000v\000a\000s\000\040\000d\000e\000\040\000E\000n\000t\000r\000e\000n\000a\000m\000i\000e\000n\000t\000o}{section.4.4}% 89
\BOOKMARK [2][-]{subsection.4.4.4}{\376\377\0004\000.\0004\000.\0004\000.\000\040\000A\000n\000\341\000l\000i\000s\000i\000s\000\040\000d\000e\000\040\000R\000e\000s\000u\000l\000t\000a\000d\000o\000s}{section.4.4}% 90
\BOOKMARK [2][-]{subsection.4.4.5}{\376\377\0004\000.\0004\000.\0005\000.\000\040\000V\000e\000r\000i\000f\000i\000c\000a\000c\000i\000\363\000n\000\040\000d\000e\000\040\000H\000i\000p\000\363\000t\000e\000s\000i\000s\000\040\000H\0003}{section.4.4}% 91
\BOOKMARK [1][-]{section.4.5}{\376\377\0004\000.\0005\000.\000\040\000A\000n\000\341\000l\000i\000s\000i\000s\000\040\000C\000o\000m\000p\000l\000e\000m\000e\000n\000t\000a\000r\000i\000o}{chapter.4}% 92
\BOOKMARK [2][-]{subsection.4.5.1}{\376\377\0004\000.\0005\000.\0001\000.\000\040\000M\000a\000t\000r\000i\000z\000\040\000d\000e\000\040\000C\000o\000n\000f\000u\000s\000i\000\363\000n\000\040\000d\000e\000l\000\040\000M\000e\000j\000o\000r\000\040\000M\000o\000d\000e\000l\000o}{section.4.5}% 93
\BOOKMARK [2][-]{subsection.4.5.2}{\376\377\0004\000.\0005\000.\0002\000.\000\040\000V\000i\000s\000u\000a\000l\000i\000z\000a\000c\000i\000\363\000n\000\040\000d\000e\000\040\000C\000a\000r\000a\000c\000t\000e\000r\000\355\000s\000t\000i\000c\000a\000s\000\040\000A\000p\000r\000e\000n\000d\000i\000d\000a\000s}{section.4.5}% 94
\BOOKMARK [2][-]{subsection.4.5.3}{\376\377\0004\000.\0005\000.\0003\000.\000\040\000M\000a\000p\000a\000s\000\040\000d\000e\000\040\000A\000c\000t\000i\000v\000a\000c\000i\000\363\000n\000\040\000\050\000G\000r\000a\000d\000-\000C\000A\000M\000\051}{section.4.5}% 95
\BOOKMARK [1][-]{section.4.6}{\376\377\0004\000.\0006\000.\000\040\000R\000e\000s\000u\000m\000e\000n\000\040\000d\000e\000\040\000R\000e\000s\000u\000l\000t\000a\000d\000o\000s}{chapter.4}% 96
\BOOKMARK [0][-]{chapter.5}{\376\377\0005\000.\000\040\000C\000o\000n\000c\000l\000u\000s\000i\000o\000n\000e\000s\000\040\000y\000\040\000T\000r\000a\000b\000a\000j\000o\000\040\000F\000u\000t\000u\000r\000o}{}% 97
\BOOKMARK [1][-]{section.5.1}{\376\377\0005\000.\0001\000.\000\040\000R\000e\000s\000u\000m\000e\000n\000\040\000d\000e\000l\000\040\000P\000r\000o\000y\000e\000c\000t\000o}{chapter.5}% 98
\BOOKMARK [1][-]{section.5.2}{\376\377\0005\000.\0002\000.\000\040\000P\000r\000i\000n\000c\000i\000p\000a\000l\000e\000s\000\040\000H\000a\000l\000l\000a\000z\000g\000o\000s}{chapter.5}% 99
\BOOKMARK [2][-]{subsection.5.2.1}{\376\377\0005\000.\0002\000.\0001\000.\000\040\000H\0001\000:\000\040\000T\000r\000a\000n\000s\000f\000e\000r\000\040\000L\000e\000a\000r\000n\000i\000n\000g\000\040\000e\000s\000\040\000S\000u\000p\000e\000r\000i\000o\000r\000\040\000p\000a\000r\000a\000\040\000D\000a\000t\000a\000s\000e\000t\000s\000\040\000d\000e\000\040\000T\000a\000m\000a\000\361\000o\000\040\000M\000o\000d\000e\000r\000a\000d\000o}{section.5.2}% 100
\BOOKMARK [2][-]{subsection.5.2.2}{\376\377\0005\000.\0002\000.\0002\000.\000\040\000H\0002\000:\000\040\000D\000a\000t\000a\000\040\000A\000u\000g\000m\000e\000n\000t\000a\000t\000i\000o\000n\000\040\000M\000e\000j\000o\000r\000a\000\040\000E\000q\000u\000i\000d\000a\000d\000\040\000s\000i\000n\000\040\000S\000a\000c\000r\000i\000f\000i\000c\000a\000r\000\040\000R\000e\000n\000d\000i\000m\000i\000e\000n\000t\000o\000\040\000G\000l\000o\000b\000a\000l}{section.5.2}% 101
\BOOKMARK [2][-]{subsection.5.2.3}{\376\377\0005\000.\0002\000.\0003\000.\000\040\000H\0003\000:\000\040\000R\000e\000n\000d\000i\000m\000i\000e\000n\000t\000o\000s\000\040\000D\000e\000c\000r\000e\000c\000i\000e\000n\000t\000e\000s\000\040\000c\000o\000n\000\040\000l\000a\000\040\000P\000r\000o\000f\000u\000n\000d\000i\000d\000a\000d}{section.5.2}% 102
\BOOKMARK [2][-]{subsection.5.2.4}{\376\377\0005\000.\0002\000.\0004\000.\000\040\000C\000a\000r\000a\000c\000t\000e\000r\000\355\000s\000t\000i\000c\000a\000s\000\040\000D\000i\000s\000c\000r\000i\000m\000i\000n\000a\000t\000i\000v\000a\000s}{section.5.2}% 103
\BOOKMARK [1][-]{section.5.3}{\376\377\0005\000.\0003\000.\000\040\000V\000e\000r\000i\000f\000i\000c\000a\000c\000i\000\363\000n\000\040\000d\000e\000\040\000H\000i\000p\000\363\000t\000e\000s\000i\000s}{chapter.5}% 104
\BOOKMARK [2][-]{subsection.5.3.1}{\376\377\0005\000.\0003\000.\0001\000.\000\040\000H\0001\000:\000\040\000C\000o\000m\000p\000a\000r\000a\000c\000i\000\363\000n\000\040\000d\000e\000\040\000A\000r\000q\000u\000i\000t\000e\000c\000t\000u\000r\000a\000s\000\040\000d\000e\000\040\000D\000e\000e\000p\000\040\000L\000e\000a\000r\000n\000i\000n\000g}{section.5.3}% 105
\BOOKMARK [2][-]{subsection.5.3.2}{\376\377\0005\000.\0003\000.\0002\000.\000\040\000H\0002\000:\000\040\000I\000m\000p\000a\000c\000t\000o\000\040\000d\000e\000\040\000D\000a\000t\000a\000\040\000A\000u\000g\000m\000e\000n\000t\000a\000t\000i\000o\000n\000\040\000e\000n\000\040\000C\000l\000a\000s\000e\000s\000\040\000M\000i\000n\000o\000r\000i\000t\000a\000r\000i\000a\000s}{section.5.3}% 106
\BOOKMARK [2][-]{subsection.5.3.3}{\376\377\0005\000.\0003\000.\0003\000.\000\040\000H\0003\000:\000\040\000E\000f\000e\000c\000t\000o\000\040\000d\000e\000\040\000l\000a\000\040\000P\000r\000o\000f\000u\000n\000d\000i\000d\000a\000d\000\040\000e\000n\000\040\000C\000N\000N\000\040\000C\000u\000s\000t\000o\000m}{section.5.3}% 107
\BOOKMARK [2][-]{subsection.5.3.4}{\376\377\0005\000.\0003\000.\0004\000.\000\040\000R\000e\000s\000u\000m\000e\000n\000\040\000d\000e\000\040\000V\000e\000r\000i\000f\000i\000c\000a\000c\000i\000\363\000n}{section.5.3}% 108
\BOOKMARK [1][-]{section.5.4}{\376\377\0005\000.\0004\000.\000\040\000C\000o\000n\000t\000r\000i\000b\000u\000c\000i\000o\000n\000e\000s\000\040\000d\000e\000l\000\040\000P\000r\000o\000y\000e\000c\000t\000o}{chapter.5}% 109
\BOOKMARK [2][-]{subsection.5.4.1}{\376\377\0005\000.\0004\000.\0001\000.\000\040\000C\000o\000n\000t\000r\000i\000b\000u\000c\000i\000o\000n\000e\000s\000\040\000T\000\351\000c\000n\000i\000c\000a\000s}{section.5.4}% 110
\BOOKMARK [2][-]{subsection.5.4.2}{\376\377\0005\000.\0004\000.\0002\000.\000\040\000C\000o\000n\000t\000r\000i\000b\000u\000c\000i\000o\000n\000e\000s\000\040\000P\000r\000\341\000c\000t\000i\000c\000a\000s}{section.5.4}% 111
\BOOKMARK [1][-]{section.5.5}{\376\377\0005\000.\0005\000.\000\040\000L\000i\000m\000i\000t\000a\000c\000i\000o\000n\000e\000s\000\040\000d\000e\000l\000\040\000E\000s\000t\000u\000d\000i\000o}{chapter.5}% 112
\BOOKMARK [2][-]{subsection.5.5.1}{\376\377\0005\000.\0005\000.\0001\000.\000\040\000L\000i\000m\000i\000t\000a\000c\000i\000o\000n\000e\000s\000\040\000d\000e\000\040\000D\000a\000t\000a\000s\000e\000t\000s}{section.5.5}% 113
\BOOKMARK [2][-]{subsection.5.5.2}{\376\377\0005\000.\0005\000.\0002\000.\000\040\000L\000i\000m\000i\000t\000a\000c\000i\000o\000n\000e\000s\000\040\000M\000e\000t\000o\000d\000o\000l\000\363\000g\000i\000c\000a\000s}{section.5.5}% 114
\BOOKMARK [2][-]{subsection.5.5.3}{\376\377\0005\000.\0005\000.\0003\000.\000\040\000L\000i\000m\000i\000t\000a\000c\000i\000o\000n\000e\000s\000\040\000d\000e\000\040\000I\000n\000t\000e\000r\000p\000r\000e\000t\000a\000b\000i\000l\000i\000d\000a\000d}{section.5.5}% 115
\BOOKMARK [1][-]{section.5.6}{\376\377\0005\000.\0006\000.\000\040\000T\000r\000a\000b\000a\000j\000o\000\040\000F\000u\000t\000u\000r\000o}{chapter.5}% 116
\BOOKMARK [2][-]{subsection.5.6.1}{\376\377\0005\000.\0006\000.\0001\000.\000\040\000E\000x\000t\000e\000n\000s\000i\000o\000n\000e\000s\000\040\000M\000e\000t\000o\000d\000o\000l\000\363\000g\000i\000c\000a\000s}{section.5.6}% 117
\BOOKMARK [2][-]{subsection.5.6.2}{\376\377\0005\000.\0006\000.\0002\000.\000\040\000M\000e\000j\000o\000r\000a\000s\000\040\000e\000n\000\040\000R\000o\000b\000u\000s\000t\000e\000z}{section.5.6}% 118
\BOOKMARK [2][-]{subsection.5.6.3}{\376\377\0005\000.\0006\000.\0003\000.\000\040\000A\000m\000p\000l\000i\000a\000c\000i\000\363\000n\000\040\000d\000e\000\040\000D\000a\000t\000a\000s\000e\000t\000s}{section.5.6}% 119
\BOOKMARK [2][-]{subsection.5.6.4}{\376\377\0005\000.\0006\000.\0004\000.\000\040\000A\000p\000l\000i\000c\000a\000c\000i\000o\000n\000e\000s\000\040\000P\000r\000\341\000c\000t\000i\000c\000a\000s}{section.5.6}% 120
\BOOKMARK [2][-]{subsection.5.6.5}{\376\377\0005\000.\0006\000.\0005\000.\000\040\000I\000n\000v\000e\000s\000t\000i\000g\000a\000c\000i\000\363\000n\000\040\000e\000n\000\040\000I\000n\000t\000e\000r\000p\000r\000e\000t\000a\000b\000i\000l\000i\000d\000a\000d}{section.5.6}% 121
\BOOKMARK [2][-]{subsection.5.6.6}{\376\377\0005\000.\0006\000.\0006\000.\000\040\000B\000e\000n\000c\000h\000m\000a\000r\000k\000i\000n\000g\000\040\000y\000\040\000E\000s\000t\000a\000n\000d\000a\000r\000i\000z\000a\000c\000i\000\363\000n}{section.5.6}% 122
\BOOKMARK [1][-]{section.5.7}{\376\377\0005\000.\0007\000.\000\040\000I\000m\000p\000l\000i\000c\000a\000c\000i\000o\000n\000e\000s\000\040\000p\000a\000r\000a\000\040\000l\000a\000\040\000C\000i\000b\000e\000r\000s\000e\000g\000u\000r\000i\000d\000a\000d}{chapter.5}% 123
\BOOKMARK [2][-]{subsection.5.7.1}{\376\377\0005\000.\0007\000.\0001\000.\000\040\000P\000a\000r\000a\000\040\000P\000r\000o\000f\000e\000s\000i\000o\000n\000a\000l\000e\000s\000\040\000d\000e\000\040\000S\000e\000g\000u\000r\000i\000d\000a\000d}{section.5.7}% 124
\BOOKMARK [2][-]{subsection.5.7.2}{\376\377\0005\000.\0007\000.\0002\000.\000\040\000P\000a\000r\000a\000\040\000D\000e\000s\000a\000r\000r\000o\000l\000l\000a\000d\000o\000r\000e\000s\000\040\000d\000e\000\040\000S\000o\000l\000u\000c\000i\000o\000n\000e\000s\000\040\000d\000e\000\040\000S\000e\000g\000u\000r\000i\000d\000a\000d}{section.5.7}% 125
\BOOKMARK [2][-]{subsection.5.7.3}{\376\377\0005\000.\0007\000.\0003\000.\000\040\000P\000a\000r\000a\000\040\000l\000a\000\040\000I\000n\000v\000e\000s\000t\000i\000g\000a\000c\000i\000\363\000n\000\040\000A\000c\000a\000d\000\351\000m\000i\000c\000a}{section.5.7}% 126
\BOOKMARK [1][-]{section.5.8}{\376\377\0005\000.\0008\000.\000\040\000L\000e\000c\000c\000i\000o\000n\000e\000s\000\040\000A\000p\000r\000e\000n\000d\000i\000d\000a\000s}{chapter.5}% 127
\BOOKMARK [2][-]{subsection.5.8.1}{\376\377\0005\000.\0008\000.\0001\000.\000\040\000T\000\351\000c\000n\000i\000c\000a\000s}{section.5.8}% 128
\BOOKMARK [2][-]{subsection.5.8.2}{\376\377\0005\000.\0008\000.\0002\000.\000\040\000P\000r\000\341\000c\000t\000i\000c\000a\000s}{section.5.8}% 129
\BOOKMARK [1][-]{section.5.9}{\376\377\0005\000.\0009\000.\000\040\000C\000o\000n\000s\000i\000d\000e\000r\000a\000c\000i\000o\000n\000e\000s\000\040\000\311\000t\000i\000c\000a\000s}{chapter.5}% 130
\BOOKMARK [2][-]{subsection.5.9.1}{\376\377\0005\000.\0009\000.\0001\000.\000\040\000U\000s\000o\000\040\000R\000e\000s\000p\000o\000n\000s\000a\000b\000l\000e}{section.5.9}% 131
\BOOKMARK [2][-]{subsection.5.9.2}{\376\377\0005\000.\0009\000.\0002\000.\000\040\000T\000r\000a\000n\000s\000p\000a\000r\000e\000n\000c\000i\000a}{section.5.9}% 132
\BOOKMARK [2][-]{subsection.5.9.3}{\376\377\0005\000.\0009\000.\0003\000.\000\040\000P\000r\000i\000v\000a\000c\000i\000d\000a\000d\000\040\000y\000\040\000C\000o\000n\000f\000i\000d\000e\000n\000c\000i\000a\000l\000i\000d\000a\000d}{section.5.9}% 133
\BOOKMARK [1][-]{section.5.10}{\376\377\0005\000.\0001\0000\000.\000\040\000R\000e\000f\000l\000e\000x\000i\000o\000n\000e\000s\000\040\000F\000i\000n\000a\000l\000e\000s}{chapter.5}% 134
\BOOKMARK [1][-]{section.5.11}{\376\377\0005\000.\0001\0001\000.\000\040\000C\000o\000n\000c\000l\000u\000s\000i\000\363\000n}{chapter.5}% 135
\BOOKMARK [0][-]{chapter*.68}{\376\377\000B\000i\000b\000l\000i\000o\000g\000r\000a\000f\000\355\000a}{}% 136
